<?xml version="1.0" encoding="UTF-8"?>
<!-- Generated by org.testng.reporters.JUnitReportReporter -->
<testsuite skipped="0" hostname="LAPTOP-3SS0ME2H" name="metoffce" tests="4" failures="0" timestamp="2021-04-28T01:11:26 BST" time="16.915" errors="0">
  <testcase name="OpenWebPage" time="10.128" classname="metoffce"/>
  <system-out/>
  <testcase name="FindLocation" time="0.678" classname="metoffce"/>
  <system-out/>
  <testcase name="GetTemp" time="6.108" classname="metoffce"/>
  <system-out/>
  <testcase name="Compare" time="0.001" classname="metoffce"/>
  <system-out/>
</testsuite> <!-- metoffce -->
